# JRE version: OpenJDK Runtime Environment (8.0_282-b08) (build 1.8.0_282-b08)
# Java VM: OpenJDK 64-Bit Server VM (25.282-b08 mixed mode bsd-amd64 compressed oops)
Heap:
 PSYoungGen      total 124416K, used 6928K [0x00000007e5d80000, 0x00000007f0680000, 0x00000007f0800000)
  eden space 117248K, 0% used [0x00000007e5d80000,0x00000007e5d80000,0x00000007ed000000)
  from space 7168K, 96% used [0x00000007ed000000,0x00000007ed6c4010,0x00000007ed700000)
  to   space 27648K, 0% used [0x00000007eeb80000,0x00000007eeb80000,0x00000007f0680000)
 ParOldGen       total 283136K, used 266926K [0x00000007d0800000, 0x00000007e1c80000, 0x00000007e5d80000)
  object space 283136K, 94% used [0x00000007d0800000,0x00000007e0cab848,0x00000007e1c80000)
 Metaspace       used 109306K, capacity 119336K, committed 119680K, reserved 1153024K
  class space    used 14762K, capacity 16670K, committed 16768K, reserved 1048576K
GC Heap History (10 events):
Event: 14212.537 GC heap after
Heap after GC invocations=55 (full 4):
 PSYoungGen      total 145920K, used 1851K [0x00000007e5d80000, 0x00000007f0780000, 0x00000007f0800000)
  eden space 118784K, 0% used [0x00000007e5d80000,0x00000007e5d80000,0x00000007ed180000)
  from space 27136K, 6% used [0x00000007ed180000,0x00000007ed34ec50,0x00000007eec00000)
  to   space 26624K, 0% used [0x00000007eed80000,0x00000007eed80000,0x00000007f0780000)
 ParOldGen       total 283136K, used 228689K [0x00000007d0800000, 0x00000007e1c80000, 0x00000007e5d80000)
  object space 283136K, 80% used [0x00000007d0800000,0x00000007de7546d8,0x00000007e1c80000)
 Metaspace       used 108925K, capacity 119034K, committed 119168K, reserved 1150976K
  class space    used 14759K, capacity 16665K, committed 16768K, reserved 1048576K
}
Event: 15311.421 GC heap before
{Heap before GC invocations=56 (full 4):
 PSYoungGen      total 145920K, used 120635K [0x00000007e5d80000, 0x00000007f0780000, 0x00000007f0800000)
  eden space 118784K, 100% used [0x00000007e5d80000,0x00000007ed180000,0x00000007ed180000)
  from space 27136K, 6% used [0x00000007ed180000,0x00000007ed34ec50,0x00000007eec00000)
  to   space 26624K, 0% used [0x00000007eed80000,0x00000007eed80000,0x00000007f0780000)
 ParOldGen       total 283136K, used 228689K [0x00000007d0800000, 0x00000007e1c80000, 0x00000007e5d80000)
  object space 283136K, 80% used [0x00000007d0800000,0x00000007de7546d8,0x00000007e1c80000)
 Metaspace       used 109033K, capacity 119174K, committed 119424K, reserved 1153024K
  class space    used 14759K, capacity 16665K, committed 16768K, reserved 1048576K
Event: 15311.441 GC heap after
Heap after GC invocations=56 (full 4):
 PSYoungGen      total 143872K, used 19128K [0x00000007e5d80000, 0x00000007f0800000, 0x00000007f0800000)
  eden space 117248K, 0% used [0x00000007e5d80000,0x00000007e5d80000,0x00000007ed000000)
  from space 26624K, 71% used [0x00000007eed80000,0x00000007f002e090,0x00000007f0780000)
  to   space 28672K, 0% used [0x00000007ed000000,0x00000007ed000000,0x00000007eec00000)
 ParOldGen       total 283136K, used 230172K [0x00000007d0800000, 0x00000007e1c80000, 0x00000007e5d80000)
  object space 283136K, 81% used [0x00000007d0800000,0x00000007de8c7348,0x00000007e1c80000)
 Metaspace       used 109033K, capacity 119174K, committed 119424K, reserved 1153024K
  class space    used 14759K, capacity 16665K, committed 16768K, reserved 1048576K
}
Event: 15312.103 GC heap before
{Heap before GC invocations=57 (full 4):
 PSYoungGen      total 143872K, used 136376K [0x00000007e5d80000, 0x00000007f0800000, 0x00000007f0800000)
  eden space 117248K, 100% used [0x00000007e5d80000,0x00000007ed000000,0x00000007ed000000)
  from space 26624K, 71% used [0x00000007eed80000,0x00000007f002e090,0x00000007f0780000)
  to   space 28672K, 0% used [0x00000007ed000000,0x00000007ed000000,0x00000007eec00000)
 ParOldGen       total 283136K, used 230172K [0x00000007d0800000, 0x00000007e1c80000, 0x00000007e5d80000)
  object space 283136K, 81% used [0x00000007d0800000,0x00000007de8c7348,0x00000007e1c80000)
 Metaspace       used 109055K, capacity 119174K, committed 119424K, reserved 1153024K
  class space    used 14759K, capacity 16665K, committed 16768K, reserved 1048576K
Event: 15312.122 GC heap after
Heap after GC invocations=57 (full 4):
 PSYoungGen      total 145920K, used 4176K [0x00000007e5d80000, 0x00000007f0800000, 0x00000007f0800000)
  eden space 117248K, 0% used [0x00000007e5d80000,0x00000007e5d80000,0x00000007ed000000)
  from space 28672K, 14% used [0x00000007ed000000,0x00000007ed414010,0x00000007eec00000)
  to   space 28160K, 0% used [0x00000007eec80000,0x00000007eec80000,0x00000007f0800000)
 ParOldGen       total 283136K, used 248550K [0x00000007d0800000, 0x00000007e1c80000, 0x00000007e5d80000)
  object space 283136K, 87% used [0x00000007d0800000,0x00000007dfab98a8,0x00000007e1c80000)
 Metaspace       used 109055K, capacity 119174K, committed 119424K, reserved 1153024K
  class space    used 14759K, capacity 16665K, committed 16768K, reserved 1048576K
}
Event: 15660.159 GC heap before
{Heap before GC invocations=58 (full 4):
 PSYoungGen      total 145920K, used 121424K [0x00000007e5d80000, 0x00000007f0800000, 0x00000007f0800000)
  eden space 117248K, 100% used [0x00000007e5d80000,0x00000007ed000000,0x00000007ed000000)
  from space 28672K, 14% used [0x00000007ed000000,0x00000007ed414010,0x00000007eec00000)
  to   space 28160K, 0% used [0x00000007eec80000,0x00000007eec80000,0x00000007f0800000)
 ParOldGen       total 283136K, used 248550K [0x00000007d0800000, 0x00000007e1c80000, 0x00000007e5d80000)
  object space 283136K, 87% used [0x00000007d0800000,0x00000007dfab98a8,0x00000007e1c80000)
 Metaspace       used 109260K, capacity 119336K, committed 119680K, reserved 1153024K
  class space    used 14762K, capacity 16670K, committed 16768K, reserved 1048576K
Event: 15660.172 GC heap after
Heap after GC invocations=58 (full 4):
 PSYoungGen      total 145408K, used 17043K [0x00000007e5d80000, 0x00000007f0800000, 0x00000007f0800000)
  eden space 117248K, 0% used [0x00000007e5d80000,0x00000007e5d80000,0x00000007ed000000)
  from space 28160K, 60% used [0x00000007eec80000,0x00000007efd24d80,0x00000007f0800000)
  to   space 28672K, 0% used [0x00000007ed000000,0x00000007ed000000,0x00000007eec00000)
 ParOldGen       total 283136K, used 251390K [0x00000007d0800000, 0x00000007e1c80000, 0x00000007e5d80000)
  object space 283136K, 88% used [0x00000007d0800000,0x00000007dfd7f8e8,0x00000007e1c80000)
 Metaspace       used 109260K, capacity 119336K, committed 119680K, reserved 1153024K
  class space    used 14762K, capacity 16670K, committed 16768K, reserved 1048576K
}
Event: 15660.738 GC heap before
{Heap before GC invocations=59 (full 4):
 PSYoungGen      total 145408K, used 134291K [0x00000007e5d80000, 0x00000007f0800000, 0x00000007f0800000)
  eden space 117248K, 100% used [0x00000007e5d80000,0x00000007ed000000,0x00000007ed000000)
  from space 28160K, 60% used [0x00000007eec80000,0x00000007efd24d80,0x00000007f0800000)
  to   space 28672K, 0% used [0x00000007ed000000,0x00000007ed000000,0x00000007eec00000)
 ParOldGen       total 283136K, used 251390K [0x00000007d0800000, 0x00000007e1c80000, 0x00000007e5d80000)
  object space 283136K, 88% used [0x00000007d0800000,0x00000007dfd7f8e8,0x00000007e1c80000)
 Metaspace       used 109306K, capacity 119336K, committed 119680K, reserved 1153024K
  class space    used 14762K, capacity 16670K, committed 16768K, reserved 1048576K
Event: 15660.757 GC heap after
Heap after GC invocations=59 (full 4):
 PSYoungGen      total 124416K, used 6928K [0x00000007e5d80000, 0x00000007f0680000, 0x00000007f0800000)
  eden space 117248K, 0% used [0x00000007e5d80000,0x00000007e5d80000,0x00000007ed000000)
  from space 7168K, 96% used [0x00000007ed000000,0x00000007ed6c4010,0x00000007ed700000)
  to   space 27648K, 0% used [0x00000007eeb80000,0x00000007eeb80000,0x00000007f0680000)
 ParOldGen       total 283136K, used 266926K [0x00000007d0800000, 0x00000007e1c80000, 0x00000007e5d80000)
  object space 283136K, 94% used [0x00000007d0800000,0x00000007e0cab848,0x00000007e1c80000)
 Metaspace       used 109306K, capacity 119336K, committed 119680K, reserved 1153024K
  class space    used 14762K, capacity 16670K, committed 16768K, reserved 1048576K
}
Event: 15660.757 GC heap before
{Heap before GC invocations=60 (full 5):
 PSYoungGen      total 124416K, used 6928K [0x00000007e5d80000, 0x00000007f0680000, 0x00000007f0800000)
  eden space 117248K, 0% used [0x00000007e5d80000,0x00000007e5d80000,0x00000007ed000000)
  from space 7168K, 96% used [0x00000007ed000000,0x00000007ed6c4010,0x00000007ed700000)
  to   space 27648K, 0% used [0x00000007eeb80000,0x00000007eeb80000,0x00000007f0680000)
 ParOldGen       total 283136K, used 266926K [0x00000007d0800000, 0x00000007e1c80000, 0x00000007e5d80000)
  object space 283136K, 94% used [0x00000007d0800000,0x00000007e0cab848,0x00000007e1c80000)
 Metaspace       used 109306K, capacity 119336K, committed 119680K, reserved 1153024K
  class space    used 14762K, capacity 16670K, committed 16768K, reserved 1048576K

