# JRE version: OpenJDK Runtime Environment (8.0_282-b08) (build 1.8.0_282-b08)
# Java VM: OpenJDK 64-Bit Server VM (25.282-b08 mixed mode bsd-amd64 compressed oops)
Heap:
 PSYoungGen      total 141312K, used 25116K [0x00000007e5d80000, 0x00000007f0800000, 0x00000007f0800000)
  eden space 119296K, 2% used [0x00000007e5d80000,0x00000007e6088d00,0x00000007ed200000)
  from space 22016K, 99% used [0x00000007ef280000,0x00000007f07fe4e0,0x00000007f0800000)
  to   space 27648K, 0% used [0x00000007ed200000,0x00000007ed200000,0x00000007eed00000)
 ParOldGen       total 223232K, used 42481K [0x00000007d0800000, 0x00000007de200000, 0x00000007e5d80000)
  object space 223232K, 19% used [0x00000007d0800000,0x00000007d317c5a8,0x00000007de200000)
 Metaspace       used 67384K, capacity 71418K, committed 71680K, reserved 1110016K
  class space    used 9565K, capacity 10488K, committed 10496K, reserved 1048576K
GC Heap History (10 events):
Event: 21.114 GC heap after
Heap after GC invocations=10 (full 2):
 PSYoungGen      total 162304K, used 5772K [0x00000007e5d80000, 0x00000007f0800000, 0x00000007f0800000)
  eden space 150016K, 0% used [0x00000007e5d80000,0x00000007e5d80000,0x00000007ef000000)
  from space 12288K, 46% used [0x00000007efc00000,0x00000007f01a30c8,0x00000007f0800000)
  to   space 12288K, 0% used [0x00000007ef000000,0x00000007ef000000,0x00000007efc00000)
 ParOldGen       total 175104K, used 15930K [0x00000007d0800000, 0x00000007db300000, 0x00000007e5d80000)
  object space 175104K, 9% used [0x00000007d0800000,0x00000007d178e918,0x00000007db300000)
 Metaspace       used 37563K, capacity 39220K, committed 39552K, reserved 1083392K
  class space    used 5280K, capacity 5651K, committed 5760K, reserved 1048576K
}
Event: 32.491 GC heap before
{Heap before GC invocations=11 (full 2):
 PSYoungGen      total 162304K, used 155788K [0x00000007e5d80000, 0x00000007f0800000, 0x00000007f0800000)
  eden space 150016K, 100% used [0x00000007e5d80000,0x00000007ef000000,0x00000007ef000000)
  from space 12288K, 46% used [0x00000007efc00000,0x00000007f01a30c8,0x00000007f0800000)
  to   space 12288K, 0% used [0x00000007ef000000,0x00000007ef000000,0x00000007efc00000)
 ParOldGen       total 175104K, used 15930K [0x00000007d0800000, 0x00000007db300000, 0x00000007e5d80000)
  object space 175104K, 9% used [0x00000007d0800000,0x00000007d178e918,0x00000007db300000)
 Metaspace       used 51164K, capacity 53384K, committed 53632K, reserved 1095680K
  class space    used 7017K, capacity 7528K, committed 7552K, reserved 1048576K
Event: 32.548 GC heap after
Heap after GC invocations=11 (full 2):
 PSYoungGen      total 162304K, used 12276K [0x00000007e5d80000, 0x00000007f0800000, 0x00000007f0800000)
  eden space 150016K, 0% used [0x00000007e5d80000,0x00000007e5d80000,0x00000007ef000000)
  from space 12288K, 99% used [0x00000007ef000000,0x00000007efbfd278,0x00000007efc00000)
  to   space 12288K, 0% used [0x00000007efc00000,0x00000007efc00000,0x00000007f0800000)
 ParOldGen       total 175104K, used 24591K [0x00000007d0800000, 0x00000007db300000, 0x00000007e5d80000)
  object space 175104K, 14% used [0x00000007d0800000,0x00000007d2003f38,0x00000007db300000)
 Metaspace       used 51164K, capacity 53384K, committed 53632K, reserved 1095680K
  class space    used 7017K, capacity 7528K, committed 7552K, reserved 1048576K
}
Event: 46.978 GC heap before
{Heap before GC invocations=12 (full 2):
 PSYoungGen      total 162304K, used 104161K [0x00000007e5d80000, 0x00000007f0800000, 0x00000007f0800000)
  eden space 150016K, 61% used [0x00000007e5d80000,0x00000007eb73b1b8,0x00000007ef000000)
  from space 12288K, 99% used [0x00000007ef000000,0x00000007efbfd278,0x00000007efc00000)
  to   space 12288K, 0% used [0x00000007efc00000,0x00000007efc00000,0x00000007f0800000)
 ParOldGen       total 175104K, used 24591K [0x00000007d0800000, 0x00000007db300000, 0x00000007e5d80000)
  object space 175104K, 14% used [0x00000007d0800000,0x00000007d2003f38,0x00000007db300000)
 Metaspace       used 56329K, capacity 58852K, committed 59028K, reserved 1099776K
  class space    used 7871K, capacity 8419K, committed 8448K, reserved 1048576K
Event: 47.016 GC heap after
Heap after GC invocations=12 (full 2):
 PSYoungGen      total 145920K, used 12278K [0x00000007e5d80000, 0x00000007f0800000, 0x00000007f0800000)
  eden space 133632K, 0% used [0x00000007e5d80000,0x00000007e5d80000,0x00000007ee000000)
  from space 12288K, 99% used [0x00000007efc00000,0x00000007f07fdb00,0x00000007f0800000)
  to   space 20480K, 0% used [0x00000007ee000000,0x00000007ee000000,0x00000007ef400000)
 ParOldGen       total 175104K, used 33831K [0x00000007d0800000, 0x00000007db300000, 0x00000007e5d80000)
  object space 175104K, 19% used [0x00000007d0800000,0x00000007d2909d18,0x00000007db300000)
 Metaspace       used 56329K, capacity 58852K, committed 59028K, reserved 1099776K
  class space    used 7871K, capacity 8419K, committed 8448K, reserved 1048576K
}
Event: 47.016 GC heap before
{Heap before GC invocations=13 (full 3):
 PSYoungGen      total 145920K, used 12278K [0x00000007e5d80000, 0x00000007f0800000, 0x00000007f0800000)
  eden space 133632K, 0% used [0x00000007e5d80000,0x00000007e5d80000,0x00000007ee000000)
  from space 12288K, 99% used [0x00000007efc00000,0x00000007f07fdb00,0x00000007f0800000)
  to   space 20480K, 0% used [0x00000007ee000000,0x00000007ee000000,0x00000007ef400000)
 ParOldGen       total 175104K, used 33831K [0x00000007d0800000, 0x00000007db300000, 0x00000007e5d80000)
  object space 175104K, 19% used [0x00000007d0800000,0x00000007d2909d18,0x00000007db300000)
 Metaspace       used 56329K, capacity 58852K, committed 59028K, reserved 1099776K
  class space    used 7871K, capacity 8419K, committed 8448K, reserved 1048576K
Event: 47.337 GC heap after
Heap after GC invocations=13 (full 3):
 PSYoungGen      total 145920K, used 0K [0x00000007e5d80000, 0x00000007f0800000, 0x00000007f0800000)
  eden space 133632K, 0% used [0x00000007e5d80000,0x00000007e5d80000,0x00000007ee000000)
  from space 12288K, 0% used [0x00000007efc00000,0x00000007efc00000,0x00000007f0800000)
  to   space 20480K, 0% used [0x00000007ee000000,0x00000007ee000000,0x00000007ef400000)
 ParOldGen       total 223232K, used 36112K [0x00000007d0800000, 0x00000007de200000, 0x00000007e5d80000)
  object space 223232K, 16% used [0x00000007d0800000,0x00000007d2b440b0,0x00000007de200000)
 Metaspace       used 56324K, capacity 58834K, committed 59028K, reserved 1099776K
  class space    used 7869K, capacity 8416K, committed 8448K, reserved 1048576K
}
Event: 53.096 GC heap before
{Heap before GC invocations=14 (full 3):
 PSYoungGen      total 145920K, used 133632K [0x00000007e5d80000, 0x00000007f0800000, 0x00000007f0800000)
  eden space 133632K, 100% used [0x00000007e5d80000,0x00000007ee000000,0x00000007ee000000)
  from space 12288K, 0% used [0x00000007efc00000,0x00000007efc00000,0x00000007f0800000)
  to   space 20480K, 0% used [0x00000007ee000000,0x00000007ee000000,0x00000007ef400000)
 ParOldGen       total 223232K, used 36112K [0x00000007d0800000, 0x00000007de200000, 0x00000007e5d80000)
  object space 223232K, 16% used [0x00000007d0800000,0x00000007d2b440b0,0x00000007de200000)
 Metaspace       used 63138K, capacity 66550K, committed 66688K, reserved 1105920K
  class space    used 8972K, capacity 9788K, committed 9856K, reserved 1048576K
Event: 53.123 GC heap after
Heap after GC invocations=14 (full 3):
 PSYoungGen      total 152576K, used 18649K [0x00000007e5d80000, 0x00000007f0800000, 0x00000007f0800000)
  eden space 133632K, 0% used [0x00000007e5d80000,0x00000007e5d80000,0x00000007ee000000)
  from space 18944K, 98% used [0x00000007ee000000,0x00000007ef236488,0x00000007ef280000)
  to   space 22016K, 0% used [0x00000007ef280000,0x00000007ef280000,0x00000007f0800000)
 ParOldGen       total 223232K, used 36120K [0x00000007d0800000, 0x00000007de200000, 0x00000007e5d80000)
  object space 223232K, 16% used [0x00000007d0800000,0x00000007d2b460b0,0x00000007de200000)
 Metaspace       used 63138K, capacity 66550K, committed 66688K, reserved 1105920K
  class space    used 8972K, capacity 9788K, committed 9856K, reserved 1048576K
}
Event: 55.973 GC heap before
{Heap before GC invocations=15 (full 3):
 PSYoungGen      total 152576K, used 152281K [0x00000007e5d80000, 0x00000007f0800000, 0x00000007f0800000)
  eden space 133632K, 100% used [0x00000007e5d80000,0x00000007ee000000,0x00000007ee000000)
  from space 18944K, 98% used [0x00000007ee000000,0x00000007ef236488,0x00000007ef280000)
  to   space 22016K, 0% used [0x00000007ef280000,0x00000007ef280000,0x00000007f0800000)
 ParOldGen       total 223232K, used 36120K [0x00000007d0800000, 0x00000007de200000, 0x00000007e5d80000)
  object space 223232K, 16% used [0x00000007d0800000,0x00000007d2b460b0,0x00000007de200000)
 Metaspace       used 67354K, capacity 71408K, committed 71424K, reserved 1110016K
  class space    used 9564K, capacity 10487K, committed 10496K, reserved 1048576K

